# Server version 0.08 running on 192.168.2.26:8123
# Game ID: 160
# Board class: hus.HusBoard
# Timeout: 300000
# First Move Timeout: 30000
# Date: Tue Apr 12 06:12:56 EDT 2016
# Player 1: Player-0, '260526672', running on localhost
# Player 2: Player-1, '260498154', running on localhost
START Player-0 260526672
START Player-1 260498154
PIT 0 2
PIT 1 23
PIT 0 8
PIT 1 5
PIT 0 1
PIT 1 11
PIT 0 0
PIT 1 24
PIT 0 5
PIT 1 29
PIT 0 12
PIT 1 28
PIT 0 8
PIT 1 3
PIT 0 7
PIT 1 10
PIT 0 9
PIT 1 25
PIT 0 10
PIT 1 30
PIT 0 14
PIT 1 2
PIT 0 11
PIT 1 5
PIT 0 12
PIT 1 3
GAMEOVER WINNER 1
# Game ended: Tue Apr 12 06:13:48 EDT 2016
