# Server version 0.08 running on 192.168.2.26:8123
# Game ID: 189
# Board class: hus.HusBoard
# Timeout: 300000
# First Move Timeout: 30000
# Date: Tue Apr 12 07:18:19 EDT 2016
# Player 1: Player-0, '260498154', running on localhost
# Player 2: Player-1, '260526672', running on localhost
START Player-0 260498154
START Player-1 260526672
PIT 0 22
PIT 1 22
PIT 0 4
PIT 1 16
PIT 0 13
PIT 1 7
PIT 0 23
PIT 1 10
PIT 0 27
PIT 1 21
PIT 0 19
PIT 1 24
PIT 0 22
PIT 1 2
PIT 0 28
PIT 1 6
PIT 0 27
PIT 1 1
PIT 0 31
PIT 1 28
PIT 0 23
PIT 1 3
PIT 0 14
PIT 1 29
PIT 0 24
PIT 1 10
PIT 0 17
PIT 1 8
PIT 0 31
PIT 1 20
PIT 0 11
PIT 1 12
PIT 0 21
PIT 1 15
PIT 0 12
GAMEOVER WINNER 0
# Game ended: Tue Apr 12 07:18:48 EDT 2016
