# Server version 0.08 running on 192.168.2.26:8123
# Game ID: 188
# Board class: hus.HusBoard
# Timeout: 300000
# First Move Timeout: 30000
# Date: Tue Apr 12 07:17:46 EDT 2016
# Player 1: Player-0, '260498154', running on localhost
# Player 2: Player-1, '260526672', running on localhost
START Player-0 260498154
START Player-1 260526672
PIT 0 0
PIT 1 22
PIT 0 21
PIT 1 4
PIT 0 12
PIT 1 10
PIT 0 16
PIT 1 16
PIT 0 26
PIT 1 20
PIT 0 9
PIT 1 25
PIT 0 19
PIT 1 23
PIT 0 3
PIT 1 21
PIT 0 20
PIT 1 28
PIT 0 14
PIT 1 31
PIT 0 1
PIT 1 30
PIT 0 14
GAMEOVER WINNER 0
# Game ended: Tue Apr 12 07:18:06 EDT 2016
