# Server version 0.08 running on 192.168.2.26:8123
# Game ID: 187
# Board class: hus.HusBoard
# Timeout: 300000
# First Move Timeout: 30000
# Date: Tue Apr 12 07:17:07 EDT 2016
# Player 1: Player-0, '260498154', running on localhost
# Player 2: Player-1, '260526672', running on localhost
START Player-0 260498154
START Player-1 260526672
PIT 0 22
PIT 1 6
PIT 0 6
PIT 1 22
PIT 0 19
PIT 1 5
PIT 0 24
PIT 1 15
PIT 0 13
PIT 1 13
PIT 0 12
PIT 1 25
PIT 0 22
PIT 1 16
PIT 0 6
PIT 1 17
PIT 0 17
PIT 1 2
PIT 0 3
PIT 1 20
PIT 0 9
PIT 1 18
PIT 0 15
PIT 1 21
PIT 0 17
PIT 1 22
PIT 0 30
PIT 1 23
PIT 0 10
PIT 1 24
PIT 0 25
GAMEOVER WINNER 0
# Game ended: Tue Apr 12 07:17:34 EDT 2016
