# Server version 0.08 running on 192.168.2.26:8123
# Game ID: 163
# Board class: hus.HusBoard
# Timeout: 300000
# First Move Timeout: 30000
# Date: Tue Apr 12 06:28:15 EDT 2016
# Player 1: Player-0, '260526672', running on localhost
# Player 2: Player-1, '260498154', running on localhost
START Player-0 260526672
START Player-1 260498154
PIT 0 5
PIT 1 8
PIT 0 20
PIT 1 20
PIT 0 0
PIT 1 11
PIT 0 3
PIT 1 12
PIT 0 12
PIT 1 14
PIT 0 1
PIT 1 18
PIT 0 21
PIT 1 19
PIT 0 6
PIT 1 7
PIT 0 11
PIT 1 30
GAMEOVER WINNER 1
# Game ended: Tue Apr 12 06:29:00 EDT 2016
