# Server version 0.08 running on 192.168.2.26:8123
# Game ID: 165
# Board class: hus.HusBoard
# Timeout: 300000
# First Move Timeout: 30000
# Date: Tue Apr 12 06:34:53 EDT 2016
# Player 1: Player-0, '260526672', running on localhost
# Player 2: Player-1, '260526672', running on localhost
START Player-0 260526672
START Player-1 260526672
PIT 0 0
PIT 1 21
PIT 0 3
PIT 1 5
PIT 0 19
PIT 1 3
PIT 0 15
PIT 1 2
PIT 0 26
PIT 1 9
PIT 0 21
PIT 1 0
PIT 0 15
PIT 1 22
PIT 0 30
PIT 1 1
PIT 0 15
PIT 1 3
PIT 0 17
PIT 1 4
PIT 0 12
PIT 1 2
PIT 0 0
PIT 1 5
PIT 0 5
PIT 1 6
PIT 0 1
PIT 1 7
PIT 0 24
PIT 1 8
PIT 0 0
PIT 1 9
PIT 0 17
PIT 1 12
PIT 0 18
PIT 1 13
PIT 0 0
PIT 1 14
PIT 0 2
GAMEOVER WINNER 0
# Game ended: Tue Apr 12 06:36:51 EDT 2016
