# Server version 0.08 running on 192.168.2.26:8123
# Game ID: 156
# Board class: hus.HusBoard
# Timeout: 300000
# First Move Timeout: 30000
# Date: Tue Apr 12 05:56:00 EDT 2016
# Player 1: Player-0, '260498154', running on localhost
# Player 2: Player-1, '260526672', running on localhost
START Player-0 260498154
START Player-1 260526672
PIT 0 0
PIT 1 12
PIT 0 18
PIT 1 7
PIT 0 13
PIT 1 0
PIT 0 15
PIT 1 11
PIT 0 28
PIT 1 8
PIT 0 4
PIT 1 1
PIT 0 17
PIT 1 3
PIT 0 23
PIT 1 10
PIT 0 26
PIT 1 6
PIT 0 12
PIT 1 11
PIT 0 29
PIT 1 5
PIT 0 7
PIT 1 7
PIT 0 21
PIT 1 9
PIT 0 17
PIT 1 11
PIT 0 13
PIT 1 17
PIT 0 10
GAMEOVER WINNER 0
# Game ended: Tue Apr 12 05:56:54 EDT 2016
