# Server version 0.08 running on 192.168.2.26:8123
# Game ID: 150
# Board class: hus.HusBoard
# Timeout: 300000
# First Move Timeout: 30000
# Date: Tue Apr 12 05:38:42 EDT 2016
# Player 1: Player-0, '260526672', running on localhost
# Player 2: Player-1, '260526672', running on localhost
START Player-0 260526672
START Player-1 260526672
PIT 0 23
PIT 1 23
PIT 0 2
PIT 1 15
PIT 0 11
PIT 1 8
PIT 0 15
PIT 1 0
PIT 0 20
PIT 1 1
PIT 0 21
PIT 1 7
PIT 0 27
PIT 1 6
PIT 0 28
PIT 1 3
PIT 0 10
PIT 1 21
PIT 0 22
PIT 1 11
PIT 0 2
PIT 1 12
PIT 0 1
GAMEOVER WINNER 0
# Game ended: Tue Apr 12 05:40:12 EDT 2016
