# Server version 0.08 running on 192.168.2.26:8123
# Game ID: 186
# Board class: hus.HusBoard
# Timeout: 300000
# First Move Timeout: 30000
# Date: Tue Apr 12 07:16:35 EDT 2016
# Player 1: Player-0, '260498154', running on localhost
# Player 2: Player-1, '260526672', running on localhost
START Player-0 260498154
START Player-1 260526672
PIT 0 22
PIT 1 23
PIT 0 21
PIT 1 8
PIT 0 24
PIT 1 17
PIT 0 18
PIT 1 20
PIT 0 13
PIT 1 24
PIT 0 15
PIT 1 11
PIT 0 25
PIT 1 14
PIT 0 17
PIT 1 27
PIT 0 7
PIT 1 26
PIT 0 17
PIT 1 28
PIT 0 28
GAMEOVER WINNER 0
# Game ended: Tue Apr 12 07:16:53 EDT 2016
