# Server version 0.08 running on 192.168.2.26:8123
# Game ID: 159
# Board class: hus.HusBoard
# Timeout: 300000
# First Move Timeout: 30000
# Date: Tue Apr 12 06:10:37 EDT 2016
# Player 1: Player-0, '260526672', running on localhost
# Player 2: Player-1, '260498154', running on localhost
START Player-0 260526672
START Player-1 260498154
PIT 0 7
PIT 1 23
PIT 0 2
PIT 1 19
PIT 0 22
PIT 1 6
PIT 0 11
PIT 1 18
PIT 0 10
PIT 1 22
PIT 0 17
PIT 1 16
PIT 0 12
PIT 1 20
PIT 0 3
PIT 1 28
PIT 0 5
PIT 1 22
PIT 0 0
PIT 1 3
PIT 0 6
PIT 1 29
PIT 0 7
PIT 1 5
PIT 0 1
PIT 1 3
PIT 0 2
PIT 1 28
PIT 0 10
PIT 1 20
PIT 0 3
PIT 1 26
PIT 0 6
PIT 1 17
PIT 0 4
PIT 1 21
PIT 0 11
PIT 1 29
PIT 0 7
PIT 1 20
PIT 0 10
PIT 1 26
PIT 0 11
PIT 1 8
PIT 0 16
PIT 1 12
PIT 0 17
PIT 1 19
PIT 0 18
PIT 1 1
GAMEOVER WINNER 1
# Game ended: Tue Apr 12 06:11:49 EDT 2016
