# Server version 0.08 running on 192.168.2.26:8123
# Game ID: 79
# Board class: hus.HusBoard
# Timeout: 300000
# First Move Timeout: 30000
# Date: Mon Apr 11 02:38:51 EDT 2016
# Player 1: Player-0, 'RandomHusPlayer', running on localhost
# Player 2: Player-1, '260526672', running on localhost
START Player-0 RandomHusPlayer
START Player-1 260526672
PIT 0 15
PIT 1 10
PIT 0 10
PIT 1 11
PIT 0 9
PIT 1 16
PIT 0 6
PIT 1 18
PIT 0 7
PIT 1 23
PIT 0 16
PIT 1 17
PIT 0 24
PIT 1 4
PIT 0 23
PIT 1 3
PIT 0 0
PIT 1 6
PIT 0 11
PIT 1 10
PIT 0 19
PIT 1 9
PIT 0 16
PIT 1 1
PIT 0 2
PIT 1 2
PIT 0 28
PIT 1 15
PIT 0 2
PIT 1 16
PIT 0 29
PIT 1 17
PIT 0 24
PIT 1 0
PIT 0 22
PIT 1 3
PIT 0 20
PIT 1 13
PIT 0 2
PIT 1 18
PIT 0 18
GAMEOVER WINNER 0
# Game ended: Mon Apr 11 02:39:49 EDT 2016
