# Server version 0.08 running on 10.3.89.85:8123
# Game ID: 110
# Board class: hus.HusBoard
# Timeout: 300000
# First Move Timeout: 30000
# Date: Mon Apr 11 21:05:43 EDT 2016
# Player 1: Player-0, '260526672', running on localhost
# Player 2: Player-1, 'RandomHusPlayer', running on localhost
START Player-0 260526672
START Player-1 RandomHusPlayer
PIT 0 23
PIT 1 3
PIT 0 20
PIT 1 16
PIT 0 24
PIT 1 9
PIT 0 29
PIT 1 0
PIT 0 14
PIT 1 4
PIT 0 25
PIT 1 1
PIT 0 18
PIT 1 3
PIT 0 30
PIT 1 4
PIT 0 4
PIT 1 10
PIT 0 3
PIT 1 8
PIT 0 12
PIT 1 11
PIT 0 13
PIT 1 12
PIT 0 17
GAMEOVER WINNER 0
# Game ended: Mon Apr 11 21:06:31 EDT 2016
