# Server version 0.08 running on localhost:8123
# Game ID: 202
# Board class: hus.HusBoard
# Timeout: 300000
# First Move Timeout: 30000
# Date: Tue Apr 12 18:57:19 EDT 2016
# Player 1: Player-0, '260526672', running on localhost
# Player 2: Player-1, 'Human', running on localhost
START Player-0 260526672
START Player-1 Human
PIT 0 23
PIT 1 23
PIT 0 11
PIT 1 19
PIT 0 14
PIT 1 13
PIT 0 15
PIT 1 21
PIT 0 20
PIT 1 30
PIT 0 24
PIT 1 25
PIT 0 30
PIT 1 24
PIT 0 23
PIT 1 27
PIT 0 31
PIT 1 29
PIT 0 29
PIT 1 30
PIT 0 5
PIT 1 31
PIT 0 25
PIT 1 26
PIT 0 27
PIT 1 0
PIT 0 6
PIT 1 5
PIT 0 20
PIT 1 7
PIT 0 13
PIT 1 9
PIT 0 14
PIT 1 12
PIT 0 28
PIT 1 14
PIT 0 9
PIT 1 17
PIT 0 1
GAMEOVER WINNER 0
# Game ended: Tue Apr 12 19:01:18 EDT 2016
