# Server version 0.08 running on 192.168.2.26:8123
# Game ID: 199
# Board class: hus.HusBoard
# Timeout: 300000
# First Move Timeout: 30000
# Date: Tue Apr 12 15:24:21 EDT 2016
# Player 1: Player-0, '260526672', running on localhost
# Player 2: Player-1, '260498154', running on localhost
START Player-0 260526672
START Player-1 260498154
PIT 0 0
PIT 1 1
PIT 0 21
PIT 1 17
PIT 0 12
PIT 1 7
PIT 0 16
PIT 1 20
PIT 0 26
PIT 1 22
PIT 0 21
PIT 1 13
PIT 0 23
PIT 1 18
PIT 0 24
PIT 1 14
PIT 0 10
PIT 1 27
PIT 0 27
PIT 1 22
PIT 0 28
PIT 1 28
PIT 0 17
PIT 1 26
PIT 0 20
PIT 1 8
GAMEOVER WINNER 1
# Game ended: Tue Apr 12 15:24:43 EDT 2016
