# Server version 0.08 running on 10.3.89.85:8123
# Game ID: 54
# Board class: hus.HusBoard
# Timeout: 2000
# First Move Timeout: 30000
# Date: Sun Apr 10 01:18:06 EDT 2016
# Player 1: Player-0, '260526672', running on localhost
# Player 2: Player-1, 'RandomHusPlayer', running on localhost
START Player-0 260526672
START Player-1 RandomHusPlayer
PIT 0 0
PIT 1 11
PIT 0 4
PIT 1 9
PIT 0 21
PIT 1 2
PIT 0 26
PIT 1 6
PIT 0 15
PIT 1 18
PIT 0 2
PIT 1 3
PIT 0 24
PIT 1 5
PIT 0 22
PIT 1 20
PIT 0 23
PIT 1 0
PIT 0 25
PIT 1 13
PIT 0 15
PIT 1 1
PIT 0 29
PIT 1 2
PIT 0 23
PIT 1 3
PIT 0 28
PIT 1 8
PIT 0 0
PIT 1 4
PIT 0 20
PIT 1 11
PIT 0 3
PIT 1 12
PIT 0 6
PIT 1 13
PIT 0 30
GAMEOVER WINNER 0
# Game ended: Sun Apr 10 01:18:53 EDT 2016
