# Server version 0.08 running on brians-macbook-air.local:8123
# Game ID: 107
# Board class: hus.HusBoard
# Timeout: 300000
# First Move Timeout: 30000
# Date: Mon Apr 11 17:47:21 EDT 2016
# Player 1: Player-0, '260526672', running on localhost
# Player 2: Player-1, 'RandomHusPlayer', running on localhost
START Player-0 260526672
START Player-1 RandomHusPlayer
PIT 0 21
PIT 1 9
PIT 0 20
PIT 1 7
PIT 0 26
PIT 1 10
PIT 0 1
PIT 1 15
PIT 0 28
PIT 1 2
PIT 0 29
PIT 1 1
PIT 0 15
PIT 1 18
PIT 0 23
PIT 1 6
PIT 0 1
PIT 1 0
PIT 0 2
GAMEOVER WINNER 0
# Game ended: Mon Apr 11 17:48:05 EDT 2016
