# Server version 0.08 running on 192.168.2.26:8123
# Game ID: 148
# Board class: hus.HusBoard
# Timeout: 300000
# First Move Timeout: 30000
# Date: Tue Apr 12 05:12:44 EDT 2016
# Player 1: Player-0, '260526672', running on localhost
# Player 2: Player-1, '260526672', running on localhost
START Player-0 260526672
START Player-1 260526672
PIT 0 21
PIT 1 22
PIT 0 2
PIT 1 1
PIT 0 14
PIT 1 11
PIT 0 5
PIT 1 25
PIT 0 19
PIT 1 22
PIT 0 30
PIT 1 19
PIT 0 22
PIT 1 24
PIT 0 3
PIT 1 25
PIT 0 9
PIT 1 26
PIT 0 0
PIT 1 29
PIT 0 25
PIT 1 13
PIT 0 7
PIT 1 17
PIT 0 27
PIT 1 19
PIT 0 31
PIT 1 6
PIT 0 1
PIT 1 20
PIT 0 13
PIT 1 26
PIT 0 0
PIT 1 15
PIT 0 2
PIT 1 11
PIT 0 11
PIT 1 27
PIT 0 12
PIT 1 1
PIT 0 13
PIT 1 0
GAMEOVER WINNER 1
# Game ended: Tue Apr 12 05:14:43 EDT 2016
