# Server version 0.08 running on 10.3.89.85:8123
# Game ID: 52
# Board class: hus.HusBoard
# Timeout: 2000
# First Move Timeout: 30000
# Date: Sun Apr 10 01:14:07 EDT 2016
# Player 1: Player-0, '260526672', running on localhost
# Player 2: Player-1, 'RandomHusPlayer', running on localhost
START Player-0 260526672
START Player-1 RandomHusPlayer
PIT 0 0
PIT 1 0
PIT 0 15
PIT 1 7
PIT 0 9
PIT 1 3
PIT 0 28
PIT 1 4
PIT 0 19
PIT 1 5
PIT 0 15
PIT 1 1
PIT 0 26
PIT 1 6
PIT 0 14
PIT 1 12
PIT 0 9
PIT 1 13
PIT 0 4
PIT 1 8
PIT 0 1
PIT 1 14
PIT 0 24
PIT 1 15
PIT 0 4
PIT 1 16
PIT 0 0
PIT 1 17
PIT 0 11
PIT 1 18
PIT 0 27
GAMEOVER WINNER 0
# Game ended: Sun Apr 10 01:14:51 EDT 2016
