# Server version 0.08 running on 192.168.2.26:8123
# Game ID: 157
# Board class: hus.HusBoard
# Timeout: 300000
# First Move Timeout: 30000
# Date: Tue Apr 12 06:06:49 EDT 2016
# Player 1: Player-0, '260526672', running on localhost
# Player 2: Player-1, '260526672', running on localhost
START Player-0 260526672
START Player-1 260526672
PIT 0 23
PIT 1 23
PIT 0 4
PIT 1 10
PIT 0 7
PIT 1 25
PIT 0 3
PIT 1 21
PIT 0 2
PIT 1 29
PIT 0 1
PIT 1 19
PIT 0 0
PIT 1 0
PIT 0 19
PIT 1 1
GAMEOVER WINNER 1
# Game ended: Tue Apr 12 06:08:10 EDT 2016
