# Server version 0.08 running on 192.168.2.26:8123
# Game ID: 182
# Board class: hus.HusBoard
# Timeout: 300000
# First Move Timeout: 30000
# Date: Tue Apr 12 07:13:06 EDT 2016
# Player 1: Player-0, 'RandomHusPlayer', running on localhost
# Player 2: Player-1, '260526672', running on localhost
START Player-0 RandomHusPlayer
START Player-1 260526672
PIT 0 12
PIT 1 14
PIT 0 11
PIT 1 10
PIT 0 1
PIT 1 20
PIT 0 0
PIT 1 24
PIT 0 8
PIT 1 21
PIT 0 5
PIT 1 22
PIT 0 20
PIT 1 17
PIT 0 26
PIT 1 18
PIT 0 27
PIT 1 31
PIT 0 28
PIT 1 21
PIT 0 4
PIT 1 1
PIT 0 7
PIT 1 5
PIT 0 6
PIT 1 22
PIT 0 8
PIT 1 0
GAMEOVER WINNER 1
# Game ended: Tue Apr 12 07:13:27 EDT 2016
