# Server version 0.08 running on 192.168.2.26:8123
# Game ID: 185
# Board class: hus.HusBoard
# Timeout: 300000
# First Move Timeout: 30000
# Date: Tue Apr 12 07:15:54 EDT 2016
# Player 1: Player-0, 'RandomHusPlayer', running on localhost
# Player 2: Player-1, '260526672', running on localhost
START Player-0 RandomHusPlayer
START Player-1 260526672
PIT 0 0
PIT 1 21
PIT 0 7
PIT 1 2
PIT 0 3
PIT 1 1
PIT 0 18
PIT 1 26
PIT 0 13
PIT 1 29
PIT 0 4
PIT 1 0
PIT 0 1
PIT 1 9
PIT 0 6
PIT 1 0
GAMEOVER WINNER 1
# Game ended: Tue Apr 12 07:16:06 EDT 2016
