# Server version 0.08 running on wpa149042.wireless.mcgill.ca:8123
# Game ID: 105
# Board class: hus.HusBoard
# Timeout: 300000
# First Move Timeout: 30000
# Date: Mon Apr 11 17:13:06 EDT 2016
# Player 1: Player-0, '260526672', running on localhost
# Player 2: Player-1, 'RandomHusPlayer', running on localhost
START Player-0 260526672
START Player-1 RandomHusPlayer
PIT 0 0
PIT 1 2
PIT 0 15
PIT 1 12
PIT 0 25
PIT 1 18
PIT 0 29
PIT 1 5
PIT 0 23
PIT 1 3
PIT 0 20
PIT 1 0
PIT 0 12
PIT 1 1
PIT 0 10
PIT 1 5
PIT 0 25
PIT 1 6
PIT 0 3
PIT 1 2
PIT 0 2
PIT 1 3
PIT 0 19
PIT 1 4
PIT 0 16
PIT 1 5
PIT 0 15
PIT 1 6
PIT 0 27
PIT 1 9
PIT 0 17
PIT 1 11
PIT 0 9
PIT 1 12
PIT 0 0
PIT 1 10
PIT 0 0
GAMEOVER WINNER 0
# Game ended: Mon Apr 11 17:14:03 EDT 2016
